Added Component: Designator=C?(0805_cap)
Added Component: Designator=C?(0805_cap)
Added Component: Designator=C?(0805_cap)
Added Component: Designator=C?(CAP ALSMD 6.6MM)
Added Component: Designator=C?(0805_cap)
Added Component: Designator=C?(0603_cap)
Added Component: Designator=C?(0603_cap)
Added Component: Designator=C?(CAP ALSMD 6.6MM)
Added Component: Designator=C?(0805_cap)
Added Component: Designator=C?(0805_cap)
Added Component: Designator=C?(0805_cap)
Added Component: Designator=C?(0805_cap)
Added Component: Designator=C?(0805_cap)
Added Component: Designator=C?(0805_cap)
Added Component: Designator=C?(0805_cap)
Added Component: Designator=C?(0805_cap)
Added Component: Designator=C?(0805_cap)
Added Component: Designator=C?(0805_cap)
Added Component: Designator=C?(0805_cap)
Added Component: Designator=C?(0603_cap)
Added Component: Designator=C?(0603_cap)
Added Component: Designator=C?(0603_cap)
Added Component: Designator=C?(0603_cap)
Added Component: Designator=C?(0603_cap)
Added Component: Designator=C?(0603_cap)
Added Component: Designator=C?(0603_cap)
Added Component: Designator=C?(0603_cap)
Added Component: Designator=C?(0603_cap)
Added Component: Designator=C?(0603_cap)
Added Component: Designator=C?(0603_cap)
Added Component: Designator=C?(0603_cap)
Added Component: Designator=C?(0603_cap)
Added Component: Designator=C?(0603_cap)
Added Component: Designator=C?(0603_cap)
Added Component: Designator=C?(0603_cap)
Added Component: Designator=C?(0603_cap)
Added Component: Designator=C?(0603_cap)
Added Component: Designator=C?(0603_cap)
Added Component: Designator=D?(DO214AC SMA)
Added Component: Designator=D?(SOD323)
Added Component: Designator=D?(DO214AC SMA)
Added Component: Designator=D?(LED 0603_1608 GREEN)
Added Component: Designator=D?(SOD323)
Added Component: Designator=D?(SOD323)
Added Component: Designator=D?(SOD323)
Added Component: Designator=FB?(0805_ferrite)
Added Component: Designator=FB?(0805_ferrite)
Added Component: Designator=FB?(0805_ferrite)
Added Component: Designator=IC?(SOT-223)
Added Component: Designator=IC?(to 252)
Add component (AddParameter): Name = "Value"; Value = "DMPH6050SK3"; VariantName = "[No Variations]"
Added Component: Designator=IC?(SOIC-8(3.90MM))
Added Component: Designator=IC?(SOIC-8(3.90MM))
Added Component: Designator=J?(USB4105_GCT)
Add component (AddParameter): Name = "Copyright"; Value = "Copyright (C) 2025 Ultra Librarian. All rights reserved."; VariantName = "[No Variations]"
Add component (AddParameter): Name = "Manufacturer_Name"; Value = "Global Connector Technology"; VariantName = "[No Variations]"
Add component (AddParameter): Name = "Manufacturer_Part_Number"; Value = "USB4105-GF-A"; VariantName = "[No Variations]"
Add component (AddParameter): Name = "RefDes"; Value = "RefDes"; VariantName = "[No Variations]"
Add component (AddParameter): Name = "Type"; Value = "Type"; VariantName = "[No Variations]"
Added Component: Designator=R?(0805_res)
Added Component: Designator=R?(0805_res)
Added Component: Designator=R?(0805_res)
Added Component: Designator=R?(0805_res)
Added Component: Designator=R?(1206_res)
Added Component: Designator=R?(0805_res)
Added Component: Designator=R?(0805_res)
Added Component: Designator=U?(TSOP-II-54)
Added Component: Designator=U?(SIP4)
Added Component: Designator=U?(SOT25)
Added Component: Designator=U?(ST LQFP-144 20X20MM)
Add component (AddParameter): Name = "Copyright"; Value = "Copyright (C) 2025 Ultra Librarian. All rights reserved."; VariantName = "[No Variations]"
Add component (AddParameter): Name = "Manufacturer_Name"; Value = "STMicroelectronics"; VariantName = "[No Variations]"
Add component (AddParameter): Name = "Manufacturer_Part_Number"; Value = "STM32F746ZGT6G"; VariantName = "[No Variations]"
Add component (AddParameter): Name = "RefDes"; Value = "RefDes"; VariantName = "[No Variations]"
Add component (AddParameter): Name = "Type"; Value = "Type"; VariantName = "[No Variations]"
Added Component: Designator=U?(SSOP-20)
Add component (AddParameter): Name = "Copyright"; Value = "Copyright (C) 2025 Ultra Librarian. All rights reserved."; VariantName = "[No Variations]"
Add component (AddParameter): Name = "Datasheet"; Value = "https://www.analog.com/media/en/technical-documentation/data-sheets/adum3165-3166.pdf"; VariantName = "[No Variations]"
Add component (AddParameter): Name = "Manufacturer_Name"; Value = "Analog Devices Inc"; VariantName = "[No Variations]"
Add component (AddParameter): Name = "Manufacturer_Part_Number"; Value = "ADUM3165BRSZ-RL"; VariantName = "[No Variations]"
Add component (AddParameter): Name = "RefDes"; Value = "RefDes"; VariantName = "[No Variations]"
Add component (AddParameter): Name = "Type"; Value = "Type"; VariantName = "[No Variations]"
Added Component: Designator=U?(ST LQFP-144 20X20MM)
Add component (AddParameter): Name = "Copyright"; Value = "Copyright (C) 2025 Ultra Librarian. All rights reserved."; VariantName = "[No Variations]"
Add component (AddParameter): Name = "Manufacturer_Name"; Value = "STMicroelectronics"; VariantName = "[No Variations]"
Add component (AddParameter): Name = "Manufacturer_Part_Number"; Value = "STM32F746ZGT6G"; VariantName = "[No Variations]"
Add component (AddParameter): Name = "RefDes"; Value = "RefDes"; VariantName = "[No Variations]"
Add component (AddParameter): Name = "Type"; Value = "Type"; VariantName = "[No Variations]"
Added Component: Designator=U?(ST LQFP-144 20X20MM)
Add component (AddParameter): Name = "Copyright"; Value = "Copyright (C) 2025 Ultra Librarian. All rights reserved."; VariantName = "[No Variations]"
Add component (AddParameter): Name = "Manufacturer_Name"; Value = "STMicroelectronics"; VariantName = "[No Variations]"
Add component (AddParameter): Name = "Manufacturer_Part_Number"; Value = "STM32F746ZGT6G"; VariantName = "[No Variations]"
Add component (AddParameter): Name = "RefDes"; Value = "RefDes"; VariantName = "[No Variations]"
Add component (AddParameter): Name = "Type"; Value = "Type"; VariantName = "[No Variations]"
Added Component: Designator=Y?(SMD4-Nolead)
Added Pin To Net: NetName=+3.3VDC Pin=C?-2
Added Pin To Net: NetName=+3.3VDC Pin=C?-2
Added Pin To Net: NetName=+3.3VDC Pin=D?-2
Added Pin To Net: NetName=+3.3VDC Pin=FB?-1
Added Pin To Net: NetName=+3.3VDC Pin=IC?-2
Added Pin To Net: NetName=+3.3VDC Pin=IC?-4
Added Net: Name=+3.3VDC
Added Pin To Net: NetName=+3.3VUSB_FILT Pin=C?-2
Added Pin To Net: NetName=+3.3VUSB_FILT Pin=U?-5
Added Net: Name=+3.3VUSB_FILT
Added Pin To Net: NetName=+5VDC Pin=C?-2
Added Pin To Net: NetName=+5VDC Pin=D?-2
Added Pin To Net: NetName=+5VDC Pin=FB?-2
Added Net: Name=+5VDC
Added Pin To Net: NetName=+5VISO Pin=C?-1
Added Pin To Net: NetName=+5VISO Pin=C?-2
Added Pin To Net: NetName=+5VISO Pin=C?-2
Added Pin To Net: NetName=+5VISO Pin=C?-2
Added Pin To Net: NetName=+5VISO Pin=C?-2
Added Pin To Net: NetName=+5VISO Pin=D?-2
Added Pin To Net: NetName=+5VISO Pin=U?-4
Added Pin To Net: NetName=+5VISO Pin=IC?-3
Added Pin To Net: NetName=+5VISO Pin=IC?-8
Added Net: Name=+5VISO
Added Pin To Net: NetName=+5VUSB_FILT Pin=C?-2
Added Pin To Net: NetName=+5VUSB_FILT Pin=C?-2
Added Pin To Net: NetName=+5VUSB_FILT Pin=U?-1
Added Pin To Net: NetName=+5VUSB_FILT Pin=U?-3
Added Net: Name=+5VUSB_FILT
Added Pin To Net: NetName=+12VDC Pin=C?-2
Added Pin To Net: NetName=+12VDC Pin=C?-2
Added Pin To Net: NetName=+12VDC Pin=FB?-2
Added Pin To Net: NetName=+12VDC Pin=R?-2
Added Pin To Net: NetName=+12VDC Pin=IC?-7
Added Net: Name=+12VDC
Added Pin To Net: NetName=+12VIN Pin=D?-2
Added Pin To Net: NetName=+12VIN Pin=IC?-D
Added Net: Name=+12VIN
Added Pin To Net: NetName=+VUSB Pin=C?-2
Added Pin To Net: NetName=+VUSB Pin=J?-A4-B9
Added Pin To Net: NetName=+VUSB Pin=J?-B4-A9
Added Net: Name=+VUSB
Added Pin To Net: NetName=AGND Pin=C?-1
Added Pin To Net: NetName=AGND Pin=R?-1
Added Pin To Net: NetName=AGND Pin=U?-31
Added Net: Name=AGND
Added Pin To Net: NetName=AVDD Pin=C?-2
Added Pin To Net: NetName=AVDD Pin=FB?-2
Added Pin To Net: NetName=AVDD Pin=U?-32
Added Pin To Net: NetName=AVDD Pin=U?-33
Added Net: Name=AVDD
Added Pin To Net: NetName=FMC_A0 Pin=U?-10
Added Net: Name=FMC_A0
Added Pin To Net: NetName=FMC_A1 Pin=U?-11
Added Net: Name=FMC_A1
Added Pin To Net: NetName=FMC_A2 Pin=U?-12
Added Net: Name=FMC_A2
Added Pin To Net: NetName=FMC_A3 Pin=U?-13
Added Net: Name=FMC_A3
Added Pin To Net: NetName=FMC_A4 Pin=U?-14
Added Net: Name=FMC_A4
Added Pin To Net: NetName=FMC_A5 Pin=U?-15
Added Net: Name=FMC_A5
Added Pin To Net: NetName=FMC_A6 Pin=U?-50
Added Net: Name=FMC_A6
Added Pin To Net: NetName=FMC_A7 Pin=U?-53
Added Net: Name=FMC_A7
Added Pin To Net: NetName=FMC_A8 Pin=U?-54
Added Net: Name=FMC_A8
Added Pin To Net: NetName=FMC_A9 Pin=U?-55
Added Net: Name=FMC_A9
Added Pin To Net: NetName=FMC_A10 Pin=U?-56
Added Net: Name=FMC_A10
Added Pin To Net: NetName=FMC_A11 Pin=U?-57
Added Net: Name=FMC_A11
Added Pin To Net: NetName=FMC_A12 Pin=U?-87
Added Net: Name=FMC_A12
Added Pin To Net: NetName=FMC_BA0 Pin=U?-89
Added Net: Name=FMC_BA0
Added Pin To Net: NetName=FMC_BA1 Pin=U?-90
Added Net: Name=FMC_BA1
Added Pin To Net: NetName=FMC_D0 Pin=U?-85
Added Net: Name=FMC_D0
Added Pin To Net: NetName=FMC_D1 Pin=U?-86
Added Net: Name=FMC_D1
Added Pin To Net: NetName=FMC_D2 Pin=U?-114
Added Net: Name=FMC_D2
Added Pin To Net: NetName=FMC_D3 Pin=U?-115
Added Net: Name=FMC_D3
Added Pin To Net: NetName=FMC_D4 Pin=U?-58
Added Net: Name=FMC_D4
Added Pin To Net: NetName=FMC_D5 Pin=U?-59
Added Net: Name=FMC_D5
Added Pin To Net: NetName=FMC_D6 Pin=U?-60
Added Net: Name=FMC_D6
Added Pin To Net: NetName=FMC_D7 Pin=U?-63
Added Net: Name=FMC_D7
Added Pin To Net: NetName=FMC_SDCKE0 Pin=U?-29
Added Net: Name=FMC_SDCKE0
Added Pin To Net: NetName=FMC_SDCLK Pin=U?-93
Added Net: Name=FMC_SDCLK
Added Pin To Net: NetName=FMC_SDNCAS Pin=U?-132
Added Net: Name=FMC_SDNCAS
Added Pin To Net: NetName=FMC_SDNE0 Pin=U?-44
Added Net: Name=FMC_SDNE0
Added Pin To Net: NetName=FMC_SDNRAS Pin=U?-49
Added Net: Name=FMC_SDNRAS
Added Pin To Net: NetName=FMC_SDNWE Pin=U?-43
Added Net: Name=FMC_SDNWE
Added Pin To Net: NetName=GND_IN Pin=C?-1
Added Pin To Net: NetName=GND_IN Pin=C?-1
Added Pin To Net: NetName=GND_IN Pin=C?-1
Added Pin To Net: NetName=GND_IN Pin=C?-1
Added Pin To Net: NetName=GND_IN Pin=C?-1
Added Pin To Net: NetName=GND_IN Pin=C?-1
Added Pin To Net: NetName=GND_IN Pin=C?-1
Added Pin To Net: NetName=GND_IN Pin=C?-1
Added Pin To Net: NetName=GND_IN Pin=C?-1
Added Pin To Net: NetName=GND_IN Pin=C?-1
Added Pin To Net: NetName=GND_IN Pin=C?-1
Added Pin To Net: NetName=GND_IN Pin=C?-1
Added Pin To Net: NetName=GND_IN Pin=C?-1
Added Pin To Net: NetName=GND_IN Pin=C?-1
Added Pin To Net: NetName=GND_IN Pin=C?-1
Added Pin To Net: NetName=GND_IN Pin=C?-1
Added Pin To Net: NetName=GND_IN Pin=C?-1
Added Pin To Net: NetName=GND_IN Pin=C?-1
Added Pin To Net: NetName=GND_IN Pin=C?-1
Added Pin To Net: NetName=GND_IN Pin=C?-1
Added Pin To Net: NetName=GND_IN Pin=C?-1
Added Pin To Net: NetName=GND_IN Pin=C?-1
Added Pin To Net: NetName=GND_IN Pin=C?-1
Added Pin To Net: NetName=GND_IN Pin=C?-1
Added Pin To Net: NetName=GND_IN Pin=C?-1
Added Pin To Net: NetName=GND_IN Pin=C?-1
Added Pin To Net: NetName=GND_IN Pin=C?-1
Added Pin To Net: NetName=GND_IN Pin=C?-2
Added Pin To Net: NetName=GND_IN Pin=C?-2
Added Pin To Net: NetName=GND_IN Pin=C?-2
Added Pin To Net: NetName=GND_IN Pin=C?-2
Added Pin To Net: NetName=GND_IN Pin=C?-2
Added Pin To Net: NetName=GND_IN Pin=D?-1
Added Pin To Net: NetName=GND_IN Pin=D?-1
Added Pin To Net: NetName=GND_IN Pin=D?-1
Added Pin To Net: NetName=GND_IN Pin=D?-2
Added Pin To Net: NetName=GND_IN Pin=D?-2
Added Pin To Net: NetName=GND_IN Pin=R?-1
Added Pin To Net: NetName=GND_IN Pin=R?-1
Added Pin To Net: NetName=GND_IN Pin=R?-2
Added Pin To Net: NetName=GND_IN Pin=U?-1
Added Pin To Net: NetName=GND_IN Pin=U?-11
Added Pin To Net: NetName=GND_IN Pin=U?-16
Added Pin To Net: NetName=GND_IN Pin=U?-38
Added Pin To Net: NetName=GND_IN Pin=U?-51
Added Pin To Net: NetName=GND_IN Pin=U?-61
Added Pin To Net: NetName=GND_IN Pin=U?-83
Added Pin To Net: NetName=GND_IN Pin=U?-94
Added Pin To Net: NetName=GND_IN Pin=U?-107
Added Pin To Net: NetName=GND_IN Pin=U?-120
Added Pin To Net: NetName=GND_IN Pin=U?-130
Added Pin To Net: NetName=GND_IN Pin=U?-138
Added Pin To Net: NetName=GND_IN Pin=Y?-2
Added Pin To Net: NetName=GND_IN Pin=Y?-4
Added Pin To Net: NetName=GND_IN Pin=IC?-1
Added Pin To Net: NetName=GND_IN Pin=IC?-4
Added Pin To Net: NetName=GND_IN Pin=IC?-6
Added Net: Name=GND_IN
Added Pin To Net: NetName=LTDC_B0 Pin=U?-129
Added Net: Name=LTDC_B0
Added Pin To Net: NetName=LTDC_B1 Pin=U?-127
Added Net: Name=LTDC_B1
Added Pin To Net: NetName=LTDC_B2 Pin=U?-125
Added Net: Name=LTDC_B2
Added Pin To Net: NetName=LTDC_B3 Pin=U?-79
Added Net: Name=LTDC_B3
Added Pin To Net: NetName=LTDC_B4 Pin=U?-65
Added Net: Name=LTDC_B4
Added Pin To Net: NetName=LTDC_B5 Pin=U?-37
Added Net: Name=LTDC_B5
Added Pin To Net: NetName=LTDC_B6 Pin=U?-139
Added Net: Name=LTDC_B6
Added Pin To Net: NetName=LTDC_B7 Pin=U?-140
Added Net: Name=LTDC_B7
Added Pin To Net: NetName=LTDC_CLK Pin=U?-67
Added Net: Name=LTDC_CLK
Added Pin To Net: NetName=LTDC_DE Pin=U?-66
Added Net: Name=LTDC_DE
Added Pin To Net: NetName=LTDC_G0 Pin=U?-4
Added Net: Name=LTDC_G0
Added Pin To Net: NetName=LTDC_G1 Pin=U?-5
Added Net: Name=LTDC_G1
Added Pin To Net: NetName=LTDC_G2 Pin=U?-42
Added Net: Name=LTDC_G2
Added Pin To Net: NetName=LTDC_G3 Pin=U?-64
Added Net: Name=LTDC_G3
Added Pin To Net: NetName=LTDC_G4 Pin=U?-69
Added Net: Name=LTDC_G4
Added Pin To Net: NetName=LTDC_G5 Pin=U?-70
Added Net: Name=LTDC_G5
Added Pin To Net: NetName=LTDC_G6 Pin=U?-97
Added Net: Name=LTDC_G6
Added Pin To Net: NetName=LTDC_G7 Pin=U?-117
Added Net: Name=LTDC_G7
Added Pin To Net: NetName=LTDC_HSYNC Pin=U?-96
Added Net: Name=LTDC_HSYNC
Added Pin To Net: NetName=LTDC_R0 Pin=U?-128
Added Net: Name=LTDC_R0
Added Pin To Net: NetName=LTDC_R1 Pin=U?-36
Added Net: Name=LTDC_R1
Added Pin To Net: NetName=LTDC_R2 Pin=U?-35
Added Net: Name=LTDC_R2
Added Pin To Net: NetName=LTDC_R3 Pin=U?-46
Added Net: Name=LTDC_R3
Added Pin To Net: NetName=LTDC_R4 Pin=U?-41
Added Net: Name=LTDC_R4
Added Pin To Net: NetName=LTDC_R5 Pin=U?-26
Added Net: Name=LTDC_R5
Added Pin To Net: NetName=LTDC_R6 Pin=U?-47
Added Net: Name=LTDC_R6
Added Pin To Net: NetName=LTDC_R7 Pin=U?-68
Added Net: Name=LTDC_R7
Added Pin To Net: NetName=LTDC_VSYNC Pin=U?-40
Added Net: Name=LTDC_VSYNC
Added Pin To Net: NetName=NetC?_1 Pin=C?-1
Added Pin To Net: NetName=NetC?_1 Pin=U?-71
Added Net: Name=NetC?_1
Add Net: Net with name "NetC?_1" already exists
Add Net: Net with name "NetC?_1" already exists
Add Net: Net with name "NetC?_1" already exists
Add Net: Net with name "NetC?_1" already exists
Added Pin To Net: NetName=NetC?_2 Pin=C?-2
Added Pin To Net: NetName=NetC?_2 Pin=C?-2
Added Pin To Net: NetName=NetC?_2 Pin=U?-1
Added Net: Name=NetC?_2
Add Net: Net with name "NetC?_2" already exists
Add Net: Net with name "NetC?_2" already exists
Add Net: Net with name "NetC?_2" already exists
Added Pin To Net: NetName=NetD?_1 Pin=D?-1
Added Pin To Net: NetName=NetD?_1 Pin=R?-1
Added Net: Name=NetD?_1
Add Net: Net with name "NetD?_1" already exists
Added Pin To Net: NetName=NetJ?_A5 Pin=J?-A5
Added Pin To Net: NetName=NetJ?_A5 Pin=R?-2
Added Net: Name=NetJ?_A5
Added Pin To Net: NetName=NetJ?_B5 Pin=J?-B5
Added Pin To Net: NetName=NetJ?_B5 Pin=R?-2
Added Net: Name=NetJ?_B5
Added Pin To Net: NetName=NetR?_1 Pin=R?-1
Added Pin To Net: NetName=NetR?_1 Pin=R?-2
Added Pin To Net: NetName=NetR?_1 Pin=IC?-4
Added Net: Name=NetR?_1
Added Pin To Net: NetName=NetSW?_1 Pin=U?-25
Added Net: Name=NetSW?_1
Added Pin To Net: NetName=SDMMC1_CK Pin=U?-113
Added Net: Name=SDMMC1_CK
Added Pin To Net: NetName=SDMMC1_CMD Pin=U?-116
Added Net: Name=SDMMC1_CMD
Added Pin To Net: NetName=SDMMC1_D0 Pin=U?-98
Added Net: Name=SDMMC1_D0
Added Pin To Net: NetName=SDMMC1_D1 Pin=U?-99
Added Net: Name=SDMMC1_D1
Added Pin To Net: NetName=SDMMC1_D2 Pin=U?-111
Added Net: Name=SDMMC1_D2
Added Pin To Net: NetName=SDMMC1_D3 Pin=U?-112
Added Net: Name=SDMMC1_D3
Added Pin To Net: NetName=SGN_GND Pin=C?-1
Added Pin To Net: NetName=SGN_GND Pin=C?-1
Added Pin To Net: NetName=SGN_GND Pin=C?-1
Added Pin To Net: NetName=SGN_GND Pin=D?-1
Added Pin To Net: NetName=SGN_GND Pin=U?-3
Added Pin To Net: NetName=SGN_GND Pin=IC?-5
Added Net: Name=SGN_GND
Added Pin To Net: NetName=SPI2_MISO Pin=U?-28
Added Net: Name=SPI2_MISO
Added Pin To Net: NetName=SPI2_MOSI Pin=U?-27
Added Net: Name=SPI2_MOSI
Added Pin To Net: NetName=SPI2_SCK Pin=U?-74
Added Net: Name=SPI2_SCK
Added Pin To Net: NetName=UART7_CTS Pin=U?-21
Added Net: Name=UART7_CTS
Added Pin To Net: NetName=UART7_RTS Pin=U?-20
Added Net: Name=UART7_RTS
Added Pin To Net: NetName=UART7_RX Pin=U?-18
Added Net: Name=UART7_RX
Added Pin To Net: NetName=UART7_TX Pin=U?-19
Added Net: Name=UART7_TX
Added Pin To Net: NetName=USART2_CTS Pin=U?-34
Added Net: Name=USART2_CTS
Added Pin To Net: NetName=USART2_RTS Pin=U?-118
Added Net: Name=USART2_RTS
Added Pin To Net: NetName=USART2_RX Pin=U?-122
Added Net: Name=USART2_RX
Added Pin To Net: NetName=USART2_TX Pin=U?-119
Added Net: Name=USART2_TX
Added Pin To Net: NetName=USB_D_N Pin=D?-2
Added Pin To Net: NetName=USB_D_N Pin=J?-A7
Added Pin To Net: NetName=USB_D_N Pin=J?-B7
Added Net: Name=USB_D_N
Added Pin To Net: NetName=USB_D_P Pin=D?-2
Added Pin To Net: NetName=USB_D_P Pin=J?-A6
Added Pin To Net: NetName=USB_D_P Pin=J?-B6
Added Net: Name=USB_D_P
Added Pin To Net: NetName=USB_GND Pin=C?-1
Added Pin To Net: NetName=USB_GND Pin=C?-1
Added Pin To Net: NetName=USB_GND Pin=C?-1
Added Pin To Net: NetName=USB_GND Pin=C?-1
Added Pin To Net: NetName=USB_GND Pin=D?-1
Added Pin To Net: NetName=USB_GND Pin=D?-1
Added Pin To Net: NetName=USB_GND Pin=J?-A1-B12
Added Pin To Net: NetName=USB_GND Pin=J?-B1-A12
Added Pin To Net: NetName=USB_GND Pin=R?-1
Added Pin To Net: NetName=USB_GND Pin=R?-1
Added Pin To Net: NetName=USB_GND Pin=U?-2
Added Pin To Net: NetName=USB_GND Pin=U?-10
Added Net: Name=USB_GND
Added Pin To Net: NetName=USB_OTG_FS_DM Pin=U?-103
Added Net: Name=USB_OTG_FS_DM
Added Pin To Net: NetName=USB_OTG_FS_DP Pin=U?-104
Added Net: Name=USB_OTG_FS_DP
Added Pin To Net: NetName=USB_OTG_FS_ID Pin=U?-102
Added Net: Name=USB_OTG_FS_ID
Added Pin To Net: NetName=VDD Pin=C?-2
Added Pin To Net: NetName=VDD Pin=C?-2
Added Pin To Net: NetName=VDD Pin=C?-2
Added Pin To Net: NetName=VDD Pin=C?-2
Added Pin To Net: NetName=VDD Pin=C?-2
Added Pin To Net: NetName=VDD Pin=C?-2
Added Pin To Net: NetName=VDD Pin=C?-2
Added Pin To Net: NetName=VDD Pin=C?-2
Added Pin To Net: NetName=VDD Pin=C?-2
Added Pin To Net: NetName=VDD Pin=C?-2
Added Pin To Net: NetName=VDD Pin=C?-2
Added Pin To Net: NetName=VDD Pin=C?-2
Added Pin To Net: NetName=VDD Pin=C?-2
Added Pin To Net: NetName=VDD Pin=C?-2
Added Pin To Net: NetName=VDD Pin=C?-2
Added Pin To Net: NetName=VDD Pin=C?-2
Added Pin To Net: NetName=VDD Pin=C?-2
Added Pin To Net: NetName=VDD Pin=FB?-1
Added Pin To Net: NetName=VDD Pin=FB?-2
Added Pin To Net: NetName=VDD Pin=U?-17
Added Pin To Net: NetName=VDD Pin=U?-30
Added Pin To Net: NetName=VDD Pin=U?-39
Added Pin To Net: NetName=VDD Pin=U?-52
Added Pin To Net: NetName=VDD Pin=U?-62
Added Pin To Net: NetName=VDD Pin=U?-72
Added Pin To Net: NetName=VDD Pin=U?-84
Added Pin To Net: NetName=VDD Pin=U?-95
Added Pin To Net: NetName=VDD Pin=U?-108
Added Pin To Net: NetName=VDD Pin=U?-121
Added Pin To Net: NetName=VDD Pin=U?-131
Added Pin To Net: NetName=VDD Pin=U?-143
Added Pin To Net: NetName=VDD Pin=U?-144
Added Net: Name=VDD
Added Class: Name=Interfaces_Isolation
Added Class: Name=MCU
Added Class: Name=Memory
Added Class: Name=System_Power
Added Differential Pair: Name=USB_D
Added Rule: Name=Schematic Supply Nets
Added Rule: Name=Schematic Supply Nets_1
Added Rule: Name=Schematic Supply Nets_2
Added Rule: Name=Schematic Supply Nets_3
Added Rule: Name=Schematic Supply Nets_4
Added Rule: Name=Schematic Supply Nets_5
Added Rule: Name=Schematic Supply Nets_6
Added Rule: Name=Schematic Supply Nets_7
Added Rule: Name=Schematic Supply Nets_8
Added Rule: Name=Schematic Supply Nets_9
Added Rule: Name=Schematic Supply Nets_10
Added Rule: Name=Schematic Supply Nets_11
Added Rule: Name=Schematic Supply Nets_12
Added Rule: Name=Schematic Supply Nets_13
